<?xml version="1.0" encoding="UTF-8"?>
<!-- Generated by org.testng.reporters.JUnitXMLReporter -->
<testsuite ignored="0" hostname="DESKTOP-QO9VTJB" failures="0" tests="3" name="Surefire test" time="0.046" errors="0" timestamp="2026-05-06T15:24:55 EDT">
  <testcase classname="TestNGPractice.FirstTest" name="openapp" time="0.008"/>
  <testcase classname="TestNGPractice.FirstTest" name="login" time="0.001"/>
  <testcase classname="TestNGPractice.FirstTest" name="logout" time="0.0"/>
</testsuite> <!-- Surefire test -->
