<?xml version="1.0" encoding="UTF-8"?>
<!-- Generated by org.testng.reporters.JUnitReportReporter -->
<testsuite hostname="DESKTOP-QO9VTJB" failures="0" tests="3" name="TestNGPractice.FirstTest" time="0.016" errors="0" timestamp="2026-05-06T13:31:34 EDT" skipped="0">
  <testcase classname="TestNGPractice.FirstTest" name="openapp" time="0.011"/>
  <testcase classname="TestNGPractice.FirstTest" name="login" time="0.004"/>
  <testcase classname="TestNGPractice.FirstTest" name="logout" time="0.001"/>
</testsuite> <!-- TestNGPractice.FirstTest -->
